
======================================================================
Timestamp: 2026-01-08 00:57:39
To: Kavinda <kittykavinda@gmail.com>
Subject: Password Reset Request - ShopNet E-Commerce
----------------------------------------------------------------------

    <!DOCTYPE html>
    <html>
    <head>
        <style>
            body { 
                font-family: Arial, sans-serif; 
                line-height: 1.6; 
                color: #333; 
                margin: 0;
                padding: 0;
            }
            .container { 
                max-width: 600px; 
                margin: 0 auto; 
                padding: 20px; 
            }
            .header { 
                background: linear-gradient(135deg, #667eea 0%, #764ba2 100%); 
                color: white; 
                padding: 30px; 
                text-align: center; 
                border-radius: 10px 10px 0 0; 
            }
            .header h1 {
                margin: 0;
                font-size: 24px;
            }
            .content { 
                background: #f9f9f9; 
                padding: 30px; 
                border-radius: 0 0 10px 10px; 
            }
            .button { 
                display: inline-block; 
                padding: 12px 30px; 
                background: #667eea; 
                color: white !important; 
                text-decoration: none; 
                border-radius: 5px; 
                margin: 20px 0;
                font-weight: bold;
            }
            .link-text {
                word-break: break-all; 
                color: #667eea;
                font-size: 14px;
            }
            .footer { 
                text-align: center; 
                margin-top: 20px; 
                color: #666; 
                font-size: 12px; 
            }
            .warning {
                background: #fff3cd;
                border-left: 4px solid #ffc107;
                padding: 12px;
                margin: 15px 0;
            }
        </style>
    </head>
    <body>
        <div class='container'>
            <div class='header'>
                <h1>🔐 Password Reset Request</h1>
            </div>
            <div class='content'>
                <p>Hello <strong>Kavinda</strong>,</p>
                <p>We received a request to reset your password for your ShopNet E-Commerce account.</p>
                <p>Click the button below to reset your password:</p>
                <p style='text-align: center;'>
                    <a href='http://localhost/ecommerce/auth/reset_password.php?token=d6bd392a90e4c0d4b8dcae8a32a973833ea4b569e6f39859756d54ea721ca0fc' class='button'>Reset Password</a>
                </p>
                <p>Or copy and paste this link into your browser:</p>
                <p class='link-text'>http://localhost/ecommerce/auth/reset_password.php?token=d6bd392a90e4c0d4b8dcae8a32a973833ea4b569e6f39859756d54ea721ca0fc</p>
                
                <div class='warning'>
                    <strong>⚠️ Important:</strong> This link will expire in <strong>1 hour</strong>.
                </div>
                
                <p>If you didn't request this password reset, please ignore this email. Your password will remain unchanged.</p>
                <p>For security reasons, never share this link with anyone.</p>
            </div>
            <div class='footer'>
                <p>&copy; 2024 ShopNet E-Commerce - Group 9</p>
                <p>FC222027, FC222041, FC222019, FC222034</p>
            </div>
        </div>
    </body>
    </html>
    
======================================================================

======================================================================
Timestamp: 2026-01-08 00:58:04
To: Kavinda <kittykavinda@gmail.com>
Subject: Password Reset Request - ShopNet E-Commerce
----------------------------------------------------------------------

    <!DOCTYPE html>
    <html>
    <head>
        <style>
            body { 
                font-family: Arial, sans-serif; 
                line-height: 1.6; 
                color: #333; 
                margin: 0;
                padding: 0;
            }
            .container { 
                max-width: 600px; 
                margin: 0 auto; 
                padding: 20px; 
            }
            .header { 
                background: linear-gradient(135deg, #667eea 0%, #764ba2 100%); 
                color: white; 
                padding: 30px; 
                text-align: center; 
                border-radius: 10px 10px 0 0; 
            }
            .header h1 {
                margin: 0;
                font-size: 24px;
            }
            .content { 
                background: #f9f9f9; 
                padding: 30px; 
                border-radius: 0 0 10px 10px; 
            }
            .button { 
                display: inline-block; 
                padding: 12px 30px; 
                background: #667eea; 
                color: white !important; 
                text-decoration: none; 
                border-radius: 5px; 
                margin: 20px 0;
                font-weight: bold;
            }
            .link-text {
                word-break: break-all; 
                color: #667eea;
                font-size: 14px;
            }
            .footer { 
                text-align: center; 
                margin-top: 20px; 
                color: #666; 
                font-size: 12px; 
            }
            .warning {
                background: #fff3cd;
                border-left: 4px solid #ffc107;
                padding: 12px;
                margin: 15px 0;
            }
        </style>
    </head>
    <body>
        <div class='container'>
            <div class='header'>
                <h1>🔐 Password Reset Request</h1>
            </div>
            <div class='content'>
                <p>Hello <strong>Kavinda</strong>,</p>
                <p>We received a request to reset your password for your ShopNet E-Commerce account.</p>
                <p>Click the button below to reset your password:</p>
                <p style='text-align: center;'>
                    <a href='http://localhost/ecommerce/auth/reset_password.php?token=3ad87d984e1700f39416111203643b5f1341c23bca154eb6bc59e330099f2c63' class='button'>Reset Password</a>
                </p>
                <p>Or copy and paste this link into your browser:</p>
                <p class='link-text'>http://localhost/ecommerce/auth/reset_password.php?token=3ad87d984e1700f39416111203643b5f1341c23bca154eb6bc59e330099f2c63</p>
                
                <div class='warning'>
                    <strong>⚠️ Important:</strong> This link will expire in <strong>1 hour</strong>.
                </div>
                
                <p>If you didn't request this password reset, please ignore this email. Your password will remain unchanged.</p>
                <p>For security reasons, never share this link with anyone.</p>
            </div>
            <div class='footer'>
                <p>&copy; 2024 ShopNet E-Commerce - Group 9</p>
                <p>FC222027, FC222041, FC222019, FC222034</p>
            </div>
        </div>
    </body>
    </html>
    
======================================================================

======================================================================
Timestamp: 2026-01-08 00:59:50
To: Kavinda <kittykavinda@gmail.com>
Subject: Password Reset Request - ShopNet E-Commerce
----------------------------------------------------------------------

    <!DOCTYPE html>
    <html>
    <head>
        <style>
            body { 
                font-family: Arial, sans-serif; 
                line-height: 1.6; 
                color: #333; 
                margin: 0;
                padding: 0;
            }
            .container { 
                max-width: 600px; 
                margin: 0 auto; 
                padding: 20px; 
            }
            .header { 
                background: linear-gradient(135deg, #667eea 0%, #764ba2 100%); 
                color: white; 
                padding: 30px; 
                text-align: center; 
                border-radius: 10px 10px 0 0; 
            }
            .header h1 {
                margin: 0;
                font-size: 24px;
            }
            .content { 
                background: #f9f9f9; 
                padding: 30px; 
                border-radius: 0 0 10px 10px; 
            }
            .button { 
                display: inline-block; 
                padding: 12px 30px; 
                background: #667eea; 
                color: white !important; 
                text-decoration: none; 
                border-radius: 5px; 
                margin: 20px 0;
                font-weight: bold;
            }
            .link-text {
                word-break: break-all; 
                color: #667eea;
                font-size: 14px;
            }
            .footer { 
                text-align: center; 
                margin-top: 20px; 
                color: #666; 
                font-size: 12px; 
            }
            .warning {
                background: #fff3cd;
                border-left: 4px solid #ffc107;
                padding: 12px;
                margin: 15px 0;
            }
        </style>
    </head>
    <body>
        <div class='container'>
            <div class='header'>
                <h1>🔐 Password Reset Request</h1>
            </div>
            <div class='content'>
                <p>Hello <strong>Kavinda</strong>,</p>
                <p>We received a request to reset your password for your ShopNet E-Commerce account.</p>
                <p>Click the button below to reset your password:</p>
                <p style='text-align: center;'>
                    <a href='http://localhost/ecommerce/auth/reset_password.php?token=d68ce4faa75af8724ef64ec6a2a0eeb4658517118bc591d4c4bfd26b05afcf0d' class='button'>Reset Password</a>
                </p>
                <p>Or copy and paste this link into your browser:</p>
                <p class='link-text'>http://localhost/ecommerce/auth/reset_password.php?token=d68ce4faa75af8724ef64ec6a2a0eeb4658517118bc591d4c4bfd26b05afcf0d</p>
                
                <div class='warning'>
                    <strong>⚠️ Important:</strong> This link will expire in <strong>1 hour</strong>.
                </div>
                
                <p>If you didn't request this password reset, please ignore this email. Your password will remain unchanged.</p>
                <p>For security reasons, never share this link with anyone.</p>
            </div>
            <div class='footer'>
                <p>&copy; 2024 ShopNet E-Commerce - Group 9</p>
                <p>FC222027, FC222041, FC222019, FC222034</p>
            </div>
        </div>
    </body>
    </html>
    
======================================================================

======================================================================
Timestamp: 2026-01-08 01:00:34
To: Kavinda <kittykavinda@gmail.com>
Subject: Password Reset Request - ShopNet E-Commerce
----------------------------------------------------------------------

    <!DOCTYPE html>
    <html>
    <head>
        <style>
            body { 
                font-family: Arial, sans-serif; 
                line-height: 1.6; 
                color: #333; 
                margin: 0;
                padding: 0;
            }
            .container { 
                max-width: 600px; 
                margin: 0 auto; 
                padding: 20px; 
            }
            .header { 
                background: linear-gradient(135deg, #667eea 0%, #764ba2 100%); 
                color: white; 
                padding: 30px; 
                text-align: center; 
                border-radius: 10px 10px 0 0; 
            }
            .header h1 {
                margin: 0;
                font-size: 24px;
            }
            .content { 
                background: #f9f9f9; 
                padding: 30px; 
                border-radius: 0 0 10px 10px; 
            }
            .button { 
                display: inline-block; 
                padding: 12px 30px; 
                background: #667eea; 
                color: white !important; 
                text-decoration: none; 
                border-radius: 5px; 
                margin: 20px 0;
                font-weight: bold;
            }
            .link-text {
                word-break: break-all; 
                color: #667eea;
                font-size: 14px;
            }
            .footer { 
                text-align: center; 
                margin-top: 20px; 
                color: #666; 
                font-size: 12px; 
            }
            .warning {
                background: #fff3cd;
                border-left: 4px solid #ffc107;
                padding: 12px;
                margin: 15px 0;
            }
        </style>
    </head>
    <body>
        <div class='container'>
            <div class='header'>
                <h1>🔐 Password Reset Request</h1>
            </div>
            <div class='content'>
                <p>Hello <strong>Kavinda</strong>,</p>
                <p>We received a request to reset your password for your ShopNet E-Commerce account.</p>
                <p>Click the button below to reset your password:</p>
                <p style='text-align: center;'>
                    <a href='http://localhost/ecommerce/auth/reset_password.php?token=edfdf12caeab5f8f5930140aebca9b4115ffed50695666cc3dbfdb561dc54ca5' class='button'>Reset Password</a>
                </p>
                <p>Or copy and paste this link into your browser:</p>
                <p class='link-text'>http://localhost/ecommerce/auth/reset_password.php?token=edfdf12caeab5f8f5930140aebca9b4115ffed50695666cc3dbfdb561dc54ca5</p>
                
                <div class='warning'>
                    <strong>⚠️ Important:</strong> This link will expire in <strong>1 hour</strong>.
                </div>
                
                <p>If you didn't request this password reset, please ignore this email. Your password will remain unchanged.</p>
                <p>For security reasons, never share this link with anyone.</p>
            </div>
            <div class='footer'>
                <p>&copy; 2024 ShopNet E-Commerce - Group 9</p>
                <p>FC222027, FC222041, FC222019, FC222034</p>
            </div>
        </div>
    </body>
    </html>
    
======================================================================

======================================================================
Timestamp: 2026-01-08 01:01:26
To: Kavinda <kittykavinda@gmail.com>
Subject: Password Reset Request - ShopNet E-Commerce
----------------------------------------------------------------------

    <!DOCTYPE html>
    <html>
    <head>
        <style>
            body { 
                font-family: Arial, sans-serif; 
                line-height: 1.6; 
                color: #333; 
                margin: 0;
                padding: 0;
            }
            .container { 
                max-width: 600px; 
                margin: 0 auto; 
                padding: 20px; 
            }
            .header { 
                background: linear-gradient(135deg, #667eea 0%, #764ba2 100%); 
                color: white; 
                padding: 30px; 
                text-align: center; 
                border-radius: 10px 10px 0 0; 
            }
            .header h1 {
                margin: 0;
                font-size: 24px;
            }
            .content { 
                background: #f9f9f9; 
                padding: 30px; 
                border-radius: 0 0 10px 10px; 
            }
            .button { 
                display: inline-block; 
                padding: 12px 30px; 
                background: #667eea; 
                color: white !important; 
                text-decoration: none; 
                border-radius: 5px; 
                margin: 20px 0;
                font-weight: bold;
            }
            .link-text {
                word-break: break-all; 
                color: #667eea;
                font-size: 14px;
            }
            .footer { 
                text-align: center; 
                margin-top: 20px; 
                color: #666; 
                font-size: 12px; 
            }
            .warning {
                background: #fff3cd;
                border-left: 4px solid #ffc107;
                padding: 12px;
                margin: 15px 0;
            }
        </style>
    </head>
    <body>
        <div class='container'>
            <div class='header'>
                <h1>🔐 Password Reset Request</h1>
            </div>
            <div class='content'>
                <p>Hello <strong>Kavinda</strong>,</p>
                <p>We received a request to reset your password for your ShopNet E-Commerce account.</p>
                <p>Click the button below to reset your password:</p>
                <p style='text-align: center;'>
                    <a href='http://localhost/ecommerce/auth/reset_password.php?token=d9ca54db4bd8ea3e0e42d4dd20956d0c7387d36d43991ab65fec0c69bf075cfe' class='button'>Reset Password</a>
                </p>
                <p>Or copy and paste this link into your browser:</p>
                <p class='link-text'>http://localhost/ecommerce/auth/reset_password.php?token=d9ca54db4bd8ea3e0e42d4dd20956d0c7387d36d43991ab65fec0c69bf075cfe</p>
                
                <div class='warning'>
                    <strong>⚠️ Important:</strong> This link will expire in <strong>1 hour</strong>.
                </div>
                
                <p>If you didn't request this password reset, please ignore this email. Your password will remain unchanged.</p>
                <p>For security reasons, never share this link with anyone.</p>
            </div>
            <div class='footer'>
                <p>&copy; 2024 ShopNet E-Commerce - Group 9</p>
                <p>FC222027, FC222041, FC222019, FC222034</p>
            </div>
        </div>
    </body>
    </html>
    
======================================================================

======================================================================
Timestamp: 2026-01-08 01:02:38
To: Kavinda <kittykavinda@gmail.com>
Subject: Password Reset Request - ShopNet E-Commerce
----------------------------------------------------------------------

    <!DOCTYPE html>
    <html>
    <head>
        <style>
            body { 
                font-family: Arial, sans-serif; 
                line-height: 1.6; 
                color: #333; 
                margin: 0;
                padding: 0;
            }
            .container { 
                max-width: 600px; 
                margin: 0 auto; 
                padding: 20px; 
            }
            .header { 
                background: linear-gradient(135deg, #667eea 0%, #764ba2 100%); 
                color: white; 
                padding: 30px; 
                text-align: center; 
                border-radius: 10px 10px 0 0; 
            }
            .header h1 {
                margin: 0;
                font-size: 24px;
            }
            .content { 
                background: #f9f9f9; 
                padding: 30px; 
                border-radius: 0 0 10px 10px; 
            }
            .button { 
                display: inline-block; 
                padding: 12px 30px; 
                background: #667eea; 
                color: white !important; 
                text-decoration: none; 
                border-radius: 5px; 
                margin: 20px 0;
                font-weight: bold;
            }
            .link-text {
                word-break: break-all; 
                color: #667eea;
                font-size: 14px;
            }
            .footer { 
                text-align: center; 
                margin-top: 20px; 
                color: #666; 
                font-size: 12px; 
            }
            .warning {
                background: #fff3cd;
                border-left: 4px solid #ffc107;
                padding: 12px;
                margin: 15px 0;
            }
        </style>
    </head>
    <body>
        <div class='container'>
            <div class='header'>
                <h1>🔐 Password Reset Request</h1>
            </div>
            <div class='content'>
                <p>Hello <strong>Kavinda</strong>,</p>
                <p>We received a request to reset your password for your ShopNet E-Commerce account.</p>
                <p>Click the button below to reset your password:</p>
                <p style='text-align: center;'>
                    <a href='http://localhost/ecommerce/auth/reset_password.php?token=4fe5652f6208bad50c41113126b8cffa26241d24c8d1c61135ad98ceab6b0b15' class='button'>Reset Password</a>
                </p>
                <p>Or copy and paste this link into your browser:</p>
                <p class='link-text'>http://localhost/ecommerce/auth/reset_password.php?token=4fe5652f6208bad50c41113126b8cffa26241d24c8d1c61135ad98ceab6b0b15</p>
                
                <div class='warning'>
                    <strong>⚠️ Important:</strong> This link will expire in <strong>1 hour</strong>.
                </div>
                
                <p>If you didn't request this password reset, please ignore this email. Your password will remain unchanged.</p>
                <p>For security reasons, never share this link with anyone.</p>
            </div>
            <div class='footer'>
                <p>&copy; 2024 ShopNet E-Commerce - Group 9</p>
                <p>FC222027, FC222041, FC222019, FC222034</p>
            </div>
        </div>
    </body>
    </html>
    
======================================================================

======================================================================
Timestamp: 2026-01-08 01:04:43
To: Kavinda <kittykavinda@gmail.com>
Subject: Password Reset Request - ShopNet E-Commerce
----------------------------------------------------------------------

    <!DOCTYPE html>
    <html>
    <head>
        <style>
            body { 
                font-family: Arial, sans-serif; 
                line-height: 1.6; 
                color: #333; 
                margin: 0;
                padding: 0;
            }
            .container { 
                max-width: 600px; 
                margin: 0 auto; 
                padding: 20px; 
            }
            .header { 
                background: linear-gradient(135deg, #667eea 0%, #764ba2 100%); 
                color: white; 
                padding: 30px; 
                text-align: center; 
                border-radius: 10px 10px 0 0; 
            }
            .header h1 {
                margin: 0;
                font-size: 24px;
            }
            .content { 
                background: #f9f9f9; 
                padding: 30px; 
                border-radius: 0 0 10px 10px; 
            }
            .button { 
                display: inline-block; 
                padding: 12px 30px; 
                background: #667eea; 
                color: white !important; 
                text-decoration: none; 
                border-radius: 5px; 
                margin: 20px 0;
                font-weight: bold;
            }
            .link-text {
                word-break: break-all; 
                color: #667eea;
                font-size: 14px;
            }
            .footer { 
                text-align: center; 
                margin-top: 20px; 
                color: #666; 
                font-size: 12px; 
            }
            .warning {
                background: #fff3cd;
                border-left: 4px solid #ffc107;
                padding: 12px;
                margin: 15px 0;
            }
        </style>
    </head>
    <body>
        <div class='container'>
            <div class='header'>
                <h1>🔐 Password Reset Request</h1>
            </div>
            <div class='content'>
                <p>Hello <strong>Kavinda</strong>,</p>
                <p>We received a request to reset your password for your ShopNet E-Commerce account.</p>
                <p>Click the button below to reset your password:</p>
                <p style='text-align: center;'>
                    <a href='http://localhost/ecommerce/auth/reset_password.php?token=3972206e570048ae251b796bd58e62f58b66c184c7de18232e2f5c366aebb816' class='button'>Reset Password</a>
                </p>
                <p>Or copy and paste this link into your browser:</p>
                <p class='link-text'>http://localhost/ecommerce/auth/reset_password.php?token=3972206e570048ae251b796bd58e62f58b66c184c7de18232e2f5c366aebb816</p>
                
                <div class='warning'>
                    <strong>⚠️ Important:</strong> This link will expire in <strong>1 hour</strong>.
                </div>
                
                <p>If you didn't request this password reset, please ignore this email. Your password will remain unchanged.</p>
                <p>For security reasons, never share this link with anyone.</p>
            </div>
            <div class='footer'>
                <p>&copy; 2024 ShopNet E-Commerce - Group 9</p>
                <p>FC222027, FC222041, FC222019, FC222034</p>
            </div>
        </div>
    </body>
    </html>
    
======================================================================

======================================================================
Timestamp: 2026-01-08 01:06:12
To: Kavinda <kittykavinda@gmail.com>
Subject: Password Reset Request - ShopNet E-Commerce
----------------------------------------------------------------------

    <!DOCTYPE html>
    <html>
    <head>
        <style>
            body { 
                font-family: Arial, sans-serif; 
                line-height: 1.6; 
                color: #333; 
                margin: 0;
                padding: 0;
            }
            .container { 
                max-width: 600px; 
                margin: 0 auto; 
                padding: 20px; 
            }
            .header { 
                background: linear-gradient(135deg, #667eea 0%, #764ba2 100%); 
                color: white; 
                padding: 30px; 
                text-align: center; 
                border-radius: 10px 10px 0 0; 
            }
            .header h1 {
                margin: 0;
                font-size: 24px;
            }
            .content { 
                background: #f9f9f9; 
                padding: 30px; 
                border-radius: 0 0 10px 10px; 
            }
            .button { 
                display: inline-block; 
                padding: 12px 30px; 
                background: #667eea; 
                color: white !important; 
                text-decoration: none; 
                border-radius: 5px; 
                margin: 20px 0;
                font-weight: bold;
            }
            .link-text {
                word-break: break-all; 
                color: #667eea;
                font-size: 14px;
            }
            .footer { 
                text-align: center; 
                margin-top: 20px; 
                color: #666; 
                font-size: 12px; 
            }
            .warning {
                background: #fff3cd;
                border-left: 4px solid #ffc107;
                padding: 12px;
                margin: 15px 0;
            }
        </style>
    </head>
    <body>
        <div class='container'>
            <div class='header'>
                <h1>🔐 Password Reset Request</h1>
            </div>
            <div class='content'>
                <p>Hello <strong>Kavinda</strong>,</p>
                <p>We received a request to reset your password for your ShopNet E-Commerce account.</p>
                <p>Click the button below to reset your password:</p>
                <p style='text-align: center;'>
                    <a href='http://localhost/ecommerce/auth/reset_password.php?token=307bd48abd261cb7a9dd1fc646251d575934df783b8206325d9f545cd63c26bf' class='button'>Reset Password</a>
                </p>
                <p>Or copy and paste this link into your browser:</p>
                <p class='link-text'>http://localhost/ecommerce/auth/reset_password.php?token=307bd48abd261cb7a9dd1fc646251d575934df783b8206325d9f545cd63c26bf</p>
                
                <div class='warning'>
                    <strong>⚠️ Important:</strong> This link will expire in <strong>1 hour</strong>.
                </div>
                
                <p>If you didn't request this password reset, please ignore this email. Your password will remain unchanged.</p>
                <p>For security reasons, never share this link with anyone.</p>
            </div>
            <div class='footer'>
                <p>&copy; 2024 ShopNet E-Commerce - Group 9</p>
                <p>FC222027, FC222041, FC222019, FC222034</p>
            </div>
        </div>
    </body>
    </html>
    
======================================================================

======================================================================
Timestamp: 2026-01-08 01:09:18
To: Kavinda <kittykavinda@gmail.com>
Subject: Password Reset Request - ShopNet E-Commerce
----------------------------------------------------------------------

    <!DOCTYPE html>
    <html>
    <head>
        <style>
            body { 
                font-family: Arial, sans-serif; 
                line-height: 1.6; 
                color: #333; 
                margin: 0;
                padding: 0;
            }
            .container { 
                max-width: 600px; 
                margin: 0 auto; 
                padding: 20px; 
            }
            .header { 
                background: linear-gradient(135deg, #667eea 0%, #764ba2 100%); 
                color: white; 
                padding: 30px; 
                text-align: center; 
                border-radius: 10px 10px 0 0; 
            }
            .header h1 {
                margin: 0;
                font-size: 24px;
            }
            .content { 
                background: #f9f9f9; 
                padding: 30px; 
                border-radius: 0 0 10px 10px; 
            }
            .button { 
                display: inline-block; 
                padding: 12px 30px; 
                background: #667eea; 
                color: white !important; 
                text-decoration: none; 
                border-radius: 5px; 
                margin: 20px 0;
                font-weight: bold;
            }
            .link-text {
                word-break: break-all; 
                color: #667eea;
                font-size: 14px;
            }
            .footer { 
                text-align: center; 
                margin-top: 20px; 
                color: #666; 
                font-size: 12px; 
            }
            .warning {
                background: #fff3cd;
                border-left: 4px solid #ffc107;
                padding: 12px;
                margin: 15px 0;
            }
        </style>
    </head>
    <body>
        <div class='container'>
            <div class='header'>
                <h1>🔐 Password Reset Request</h1>
            </div>
            <div class='content'>
                <p>Hello <strong>Kavinda</strong>,</p>
                <p>We received a request to reset your password for your ShopNet E-Commerce account.</p>
                <p>Click the button below to reset your password:</p>
                <p style='text-align: center;'>
                    <a href='http://localhost/ecommerce/auth/reset_password.php?token=4219b03666a5690148528843e2aa6cca38da05e297c18d71860d52da14e73892' class='button'>Reset Password</a>
                </p>
                <p>Or copy and paste this link into your browser:</p>
                <p class='link-text'>http://localhost/ecommerce/auth/reset_password.php?token=4219b03666a5690148528843e2aa6cca38da05e297c18d71860d52da14e73892</p>
                
                <div class='warning'>
                    <strong>⚠️ Important:</strong> This link will expire in <strong>1 hour</strong>.
                </div>
                
                <p>If you didn't request this password reset, please ignore this email. Your password will remain unchanged.</p>
                <p>For security reasons, never share this link with anyone.</p>
            </div>
            <div class='footer'>
                <p>&copy; 2024 ShopNet E-Commerce - Group 9</p>
                <p>FC222027, FC222041, FC222019, FC222034</p>
            </div>
        </div>
    </body>
    </html>
    
======================================================================

======================================================================
Timestamp: 2026-01-08 01:10:07
To: Kavinda <kittykavinda@gmail.com>
Subject: Password Reset Request - ShopNet E-Commerce
----------------------------------------------------------------------

    <!DOCTYPE html>
    <html>
    <head>
        <style>
            body { 
                font-family: Arial, sans-serif; 
                line-height: 1.6; 
                color: #333; 
                margin: 0;
                padding: 0;
            }
            .container { 
                max-width: 600px; 
                margin: 0 auto; 
                padding: 20px; 
            }
            .header { 
                background: linear-gradient(135deg, #667eea 0%, #764ba2 100%); 
                color: white; 
                padding: 30px; 
                text-align: center; 
                border-radius: 10px 10px 0 0; 
            }
            .header h1 {
                margin: 0;
                font-size: 24px;
            }
            .content { 
                background: #f9f9f9; 
                padding: 30px; 
                border-radius: 0 0 10px 10px; 
            }
            .button { 
                display: inline-block; 
                padding: 12px 30px; 
                background: #667eea; 
                color: white !important; 
                text-decoration: none; 
                border-radius: 5px; 
                margin: 20px 0;
                font-weight: bold;
            }
            .link-text {
                word-break: break-all; 
                color: #667eea;
                font-size: 14px;
            }
            .footer { 
                text-align: center; 
                margin-top: 20px; 
                color: #666; 
                font-size: 12px; 
            }
            .warning {
                background: #fff3cd;
                border-left: 4px solid #ffc107;
                padding: 12px;
                margin: 15px 0;
            }
        </style>
    </head>
    <body>
        <div class='container'>
            <div class='header'>
                <h1>🔐 Password Reset Request</h1>
            </div>
            <div class='content'>
                <p>Hello <strong>Kavinda</strong>,</p>
                <p>We received a request to reset your password for your ShopNet E-Commerce account.</p>
                <p>Click the button below to reset your password:</p>
                <p style='text-align: center;'>
                    <a href='http://localhost/ecommerce/auth/reset_password.php?token=752dbdbef50dbe8824f28fa224f18067e6cab25d73199fe63e554d236e5d68ba' class='button'>Reset Password</a>
                </p>
                <p>Or copy and paste this link into your browser:</p>
                <p class='link-text'>http://localhost/ecommerce/auth/reset_password.php?token=752dbdbef50dbe8824f28fa224f18067e6cab25d73199fe63e554d236e5d68ba</p>
                
                <div class='warning'>
                    <strong>⚠️ Important:</strong> This link will expire in <strong>1 hour</strong>.
                </div>
                
                <p>If you didn't request this password reset, please ignore this email. Your password will remain unchanged.</p>
                <p>For security reasons, never share this link with anyone.</p>
            </div>
            <div class='footer'>
                <p>&copy; 2024 ShopNet E-Commerce - Group 9</p>
                <p>FC222027, FC222041, FC222019, FC222034</p>
            </div>
        </div>
    </body>
    </html>
    
======================================================================
